[gg_1d] M=1000 rep=25/300 done
[gg_1d] M=1000 rep=50/300 done
[gg_1d] M=1000 rep=75/300 done
[gg_1d] M=1000 rep=100/300 done
[gg_1d] M=1000 rep=125/300 done
[gg_1d] M=1000 rep=150/300 done
[gg_1d] M=1000 rep=175/300 done
[gg_1d] M=1000 rep=200/300 done
[gg_1d] M=1000 rep=225/300 done
[gg_1d] M=1000 rep=250/300 done
[gg_1d] M=1000 rep=275/300 done
[gg_1d] M=1000 rep=300/300 done
[gg_1d] M=2000 rep=25/300 done
[gg_1d] M=2000 rep=50/300 done
[gg_1d] M=2000 rep=75/300 done
[gg_1d] M=2000 rep=100/300 done
[gg_1d] M=2000 rep=125/300 done
[gg_1d] M=2000 rep=150/300 done
[gg_1d] M=2000 rep=175/300 done
[gg_1d] M=2000 rep=200/300 done
[gg_1d] M=2000 rep=225/300 done
[gg_1d] M=2000 rep=250/300 done
[gg_1d] M=2000 rep=275/300 done
[gg_1d] M=2000 rep=300/300 done
[gg_1d] M=4000 rep=25/300 done
[gg_1d] M=4000 rep=50/300 done
[gg_1d] M=4000 rep=75/300 done
[gg_1d] M=4000 rep=100/300 done
[gg_1d] M=4000 rep=125/300 done
[gg_1d] M=4000 rep=150/300 done
[gg_1d] M=4000 rep=175/300 done
[gg_1d] M=4000 rep=200/300 done
[gg_1d] M=4000 rep=225/300 done
[gg_1d] M=4000 rep=250/300 done
[gg_1d] M=4000 rep=275/300 done
[gg_1d] M=4000 rep=300/300 done
[gg_1d] M=8000 rep=25/300 done
[gg_1d] M=8000 rep=50/300 done
[gg_1d] M=8000 rep=75/300 done
[gg_1d] M=8000 rep=100/300 done
[gg_1d] M=8000 rep=125/300 done
[gg_1d] M=8000 rep=150/300 done
[gg_1d] M=8000 rep=175/300 done
[gg_1d] M=8000 rep=200/300 done
[gg_1d] M=8000 rep=225/300 done
[gg_1d] M=8000 rep=250/300 done
[gg_1d] M=8000 rep=275/300 done
[gg_1d] M=8000 rep=300/300 done
/home/marbelstone/github/OthmaneAnalytics/sb-drift-experiments/scripts/02_clt.py:119: FutureWarning: As of SciPy 1.17, users must choose a p-value calculation method by providing the `method` parameter. `method='interpolate'` interpolates the p-value from pre-calculated tables; `method` may also be an instance of `MonteCarloMethod` to approximate the p-value via Monte Carlo simulation. When `method` is specified, the result object will include a `pvalue` attribute and not attributes `critical_value`, `significance_level`, or `fit_result`. Beginning in 1.19.0, these other attributes will no longer be available, and a p-value will always be computed according to one of the available `method` options.
  res = stats.anderson(z, dist="norm")
Wrote raw outputs to /home/marbelstone/github/OthmaneAnalytics/sb-drift-experiments/results/raw/clt_runs/clt_screen_20260416_234045_0p24/gg_1d
Wrote processed outputs to /home/marbelstone/github/OthmaneAnalytics/sb-drift-experiments/results/processed/clt_runs/clt_screen_20260416_234045_0p24/gg_1d
Wrote QQ plots to /home/marbelstone/github/OthmaneAnalytics/sb-drift-experiments/results/figures/clt_runs/clt_screen_20260416_234045_0p24
